mode: set
github.com/liatrio/rode/pkg/attester/attester.go:23.70,30.2 1 1
github.com/liatrio/rode/pkg/attester/attester.go:57.41,59.2 1 0
github.com/liatrio/rode/pkg/attester/attester.go:61.36,63.2 1 1
github.com/liatrio/rode/pkg/attester/attester.go:67.93,70.36 2 1
github.com/liatrio/rode/pkg/attester/attester.go:77.2,79.25 2 1
github.com/liatrio/rode/pkg/attester/attester.go:83.2,84.16 2 1
github.com/liatrio/rode/pkg/attester/attester.go:88.2,110.8 6 1
github.com/liatrio/rode/pkg/attester/attester.go:70.36,72.17 2 1
github.com/liatrio/rode/pkg/attester/attester.go:72.17,74.4 1 0
github.com/liatrio/rode/pkg/attester/attester.go:79.25,81.3 1 0
github.com/liatrio/rode/pkg/attester/attester.go:84.16,86.3 1 1
github.com/liatrio/rode/pkg/attester/attester.go:118.74,119.69 1 1
github.com/liatrio/rode/pkg/attester/attester.go:122.2,122.114 1 1
github.com/liatrio/rode/pkg/attester/attester.go:125.2,126.16 2 1
github.com/liatrio/rode/pkg/attester/attester.go:129.2,129.51 1 1
github.com/liatrio/rode/pkg/attester/attester.go:132.2,132.12 1 1
github.com/liatrio/rode/pkg/attester/attester.go:119.69,121.3 1 1
github.com/liatrio/rode/pkg/attester/attester.go:122.114,124.3 1 1
github.com/liatrio/rode/pkg/attester/attester.go:126.16,128.3 1 0
github.com/liatrio/rode/pkg/attester/attester.go:129.51,131.3 1 0
github.com/liatrio/rode/pkg/attester/attester.go:135.35,137.2 1 0
github.com/liatrio/rode/pkg/attester/attester.go:139.34,141.2 1 0
github.com/liatrio/rode/pkg/attester/attester.go:147.80,148.27 1 1
github.com/liatrio/rode/pkg/attester/attester.go:152.2,154.16 3 1
github.com/liatrio/rode/pkg/attester/attester.go:158.2,160.16 3 1
github.com/liatrio/rode/pkg/attester/attester.go:164.2,165.12 2 1
github.com/liatrio/rode/pkg/attester/attester.go:148.27,150.3 1 1
github.com/liatrio/rode/pkg/attester/attester.go:154.16,156.3 1 0
github.com/liatrio/rode/pkg/attester/attester.go:160.16,162.3 1 0
github.com/liatrio/rode/pkg/attester/attester.go:168.22,172.2 1 0
github.com/liatrio/rode/pkg/attester/attester.go:178.51,181.2 2 0
github.com/liatrio/rode/pkg/attester/attester.go:183.46,185.2 1 0
github.com/liatrio/rode/pkg/attester/attester.go:187.49,189.40 2 0
github.com/liatrio/rode/pkg/attester/attester.go:194.2,194.18 1 0
github.com/liatrio/rode/pkg/attester/attester.go:189.40,190.32 1 0
github.com/liatrio/rode/pkg/attester/attester.go:190.32,192.4 1 0
github.com/liatrio/rode/pkg/attester/attester.go:197.37,199.2 1 0
github.com/liatrio/rode/pkg/attester/attester.go:201.40,203.2 1 0
github.com/liatrio/rode/pkg/attester/occurrence.go:35.180,43.2 1 0
github.com/liatrio/rode/pkg/attester/occurrence.go:46.106,47.27 1 0
github.com/liatrio/rode/pkg/attester/occurrence.go:51.2,52.16 2 0
github.com/liatrio/rode/pkg/attester/occurrence.go:57.2,58.32 2 0
github.com/liatrio/rode/pkg/attester/occurrence.go:95.2,95.12 1 0
github.com/liatrio/rode/pkg/attester/occurrence.go:47.27,49.3 1 0
github.com/liatrio/rode/pkg/attester/occurrence.go:52.16,54.3 1 0
github.com/liatrio/rode/pkg/attester/occurrence.go:58.32,60.20 2 0
github.com/liatrio/rode/pkg/attester/occurrence.go:60.20,65.18 3 0
github.com/liatrio/rode/pkg/attester/occurrence.go:69.4,69.57 1 0
github.com/liatrio/rode/pkg/attester/occurrence.go:65.18,67.5 1 0
github.com/liatrio/rode/pkg/attester/occurrence.go:69.57,74.19 2 0
github.com/liatrio/rode/pkg/attester/occurrence.go:74.19,75.46 1 0
github.com/liatrio/rode/pkg/attester/occurrence.go:75.46,77.7 1 0
github.com/liatrio/rode/pkg/attester/occurrence.go:77.12,79.7 1 0
github.com/liatrio/rode/pkg/attester/occurrence.go:80.11,83.20 3 0
github.com/liatrio/rode/pkg/attester/occurrence.go:86.6,87.20 2 0
github.com/liatrio/rode/pkg/attester/occurrence.go:83.20,85.7 1 0
github.com/liatrio/rode/pkg/attester/occurrence.go:87.20,89.7 1 0
github.com/liatrio/rode/pkg/attester/policy.go:28.72,32.16 2 1
github.com/liatrio/rode/pkg/attester/policy.go:35.2,40.8 1 1
github.com/liatrio/rode/pkg/attester/policy.go:32.16,34.3 1 0
github.com/liatrio/rode/pkg/attester/policy.go:44.47,47.2 1 0
github.com/liatrio/rode/pkg/attester/policy.go:50.84,54.13 3 1
github.com/liatrio/rode/pkg/attester/policy.go:57.2,64.16 3 1
github.com/liatrio/rode/pkg/attester/policy.go:67.2,67.13 1 1
github.com/liatrio/rode/pkg/attester/policy.go:71.2,71.17 1 1
github.com/liatrio/rode/pkg/attester/policy.go:81.2,81.19 1 1
github.com/liatrio/rode/pkg/attester/policy.go:54.13,56.3 1 1
github.com/liatrio/rode/pkg/attester/policy.go:64.16,66.3 1 0
github.com/liatrio/rode/pkg/attester/policy.go:67.13,69.3 1 1
github.com/liatrio/rode/pkg/attester/policy.go:71.17,72.24 1 1
github.com/liatrio/rode/pkg/attester/policy.go:72.24,73.36 1 1
github.com/liatrio/rode/pkg/attester/policy.go:73.36,74.49 1 1
github.com/liatrio/rode/pkg/attester/policy.go:74.49,76.6 1 1
github.com/liatrio/rode/pkg/attester/policy.go:84.49,87.2 1 0
github.com/liatrio/rode/pkg/attester/secret.go:13.148,16.16 3 0
github.com/liatrio/rode/pkg/attester/secret.go:19.2,20.16 2 0
github.com/liatrio/rode/pkg/attester/secret.go:23.2,32.16 3 0
github.com/liatrio/rode/pkg/attester/secret.go:36.2,36.8 1 0
github.com/liatrio/rode/pkg/attester/secret.go:16.16,18.3 1 0
github.com/liatrio/rode/pkg/attester/secret.go:20.16,22.3 1 0
github.com/liatrio/rode/pkg/attester/secret.go:32.16,34.3 1 0
github.com/liatrio/rode/pkg/attester/secret.go:40.104,43.16 3 0
github.com/liatrio/rode/pkg/attester/secret.go:47.2,47.45 1 0
github.com/liatrio/rode/pkg/attester/secret.go:54.2,54.12 1 0
github.com/liatrio/rode/pkg/attester/secret.go:43.16,45.3 1 0
github.com/liatrio/rode/pkg/attester/secret.go:47.45,49.17 2 0
github.com/liatrio/rode/pkg/attester/secret.go:49.17,51.4 1 0
github.com/liatrio/rode/pkg/attester/signer.go:29.45,34.16 3 1
github.com/liatrio/rode/pkg/attester/signer.go:38.2,38.29 1 1
github.com/liatrio/rode/pkg/attester/signer.go:34.16,36.3 1 0
github.com/liatrio/rode/pkg/attester/signer.go:42.53,44.16 2 0
github.com/liatrio/rode/pkg/attester/signer.go:47.2,47.29 1 0
github.com/liatrio/rode/pkg/attester/signer.go:44.16,46.3 1 0
github.com/liatrio/rode/pkg/attester/signer.go:50.55,53.16 3 1
github.com/liatrio/rode/pkg/attester/signer.go:56.2,57.16 2 1
github.com/liatrio/rode/pkg/attester/signer.go:60.2,61.16 2 1
github.com/liatrio/rode/pkg/attester/signer.go:65.2,66.16 2 1
github.com/liatrio/rode/pkg/attester/signer.go:69.2,70.20 2 1
github.com/liatrio/rode/pkg/attester/signer.go:53.16,55.3 1 0
github.com/liatrio/rode/pkg/attester/signer.go:57.16,59.3 1 0
github.com/liatrio/rode/pkg/attester/signer.go:61.16,63.3 1 0
github.com/liatrio/rode/pkg/attester/signer.go:66.16,68.3 1 0
github.com/liatrio/rode/pkg/attester/signer.go:73.63,79.16 3 1
github.com/liatrio/rode/pkg/attester/signer.go:83.2,83.135 1 1
github.com/liatrio/rode/pkg/attester/signer.go:86.2,86.16 1 1
github.com/liatrio/rode/pkg/attester/signer.go:90.2,91.16 2 1
github.com/liatrio/rode/pkg/attester/signer.go:96.2,96.23 1 1
github.com/liatrio/rode/pkg/attester/signer.go:79.16,81.3 1 1
github.com/liatrio/rode/pkg/attester/signer.go:83.135,85.3 1 0
github.com/liatrio/rode/pkg/attester/signer.go:86.16,88.3 1 0
github.com/liatrio/rode/pkg/attester/signer.go:91.16,93.3 1 0
github.com/liatrio/rode/pkg/attester/signer.go:93.8,93.42 1 1
github.com/liatrio/rode/pkg/attester/signer.go:93.42,95.3 1 0
github.com/liatrio/rode/pkg/attester/signer.go:99.33,101.2 1 1
github.com/liatrio/rode/pkg/attester/signer.go:103.50,106.16 3 0
github.com/liatrio/rode/pkg/attester/signer.go:109.2,109.26 1 0
github.com/liatrio/rode/pkg/attester/signer.go:106.16,108.3 1 0
github.com/liatrio/rode/pkg/attester/signer.go:112.55,115.16 3 0
github.com/liatrio/rode/pkg/attester/signer.go:118.2,118.25 1 0
github.com/liatrio/rode/pkg/attester/signer.go:115.16,117.3 1 0
github.com/liatrio/rode/pkg/attester/signer.go:121.34,126.2 1 1
github.com/liatrio/rode/pkg/attester/violation.go:13.47,17.37 3 1
github.com/liatrio/rode/pkg/attester/violation.go:30.2,30.10 1 1
github.com/liatrio/rode/pkg/attester/violation.go:17.37,19.3 1 0
github.com/liatrio/rode/pkg/attester/violation.go:19.8,19.59 1 1
github.com/liatrio/rode/pkg/attester/violation.go:19.59,21.20 2 1
github.com/liatrio/rode/pkg/attester/violation.go:24.3,25.24 2 1
github.com/liatrio/rode/pkg/attester/violation.go:21.20,23.4 1 1
github.com/liatrio/rode/pkg/attester/violation.go:25.24,27.4 1 0
github.com/liatrio/rode/pkg/attester/violation.go:33.37,35.2 1 0
