mode: set
github.com/liatrio/rode/pkg/eventmanager/event_manager_jetstream.go:38.16,53.2 1 1
github.com/liatrio/rode/pkg/eventmanager/event_manager_jetstream.go:55.53,57.2 1 1
github.com/liatrio/rode/pkg/eventmanager/event_manager_jetstream.go:59.65,67.60 3 1
github.com/liatrio/rode/pkg/eventmanager/event_manager_jetstream.go:94.2,94.12 1 1
github.com/liatrio/rode/pkg/eventmanager/event_manager_jetstream.go:67.60,68.18 1 1
github.com/liatrio/rode/pkg/eventmanager/event_manager_jetstream.go:72.3,72.16 1 1
github.com/liatrio/rode/pkg/eventmanager/event_manager_jetstream.go:79.3,86.17 2 1
github.com/liatrio/rode/pkg/eventmanager/event_manager_jetstream.go:90.3,91.55 2 1
github.com/liatrio/rode/pkg/eventmanager/event_manager_jetstream.go:68.18,69.12 1 1
github.com/liatrio/rode/pkg/eventmanager/event_manager_jetstream.go:72.16,74.18 2 1
github.com/liatrio/rode/pkg/eventmanager/event_manager_jetstream.go:74.18,76.5 1 1
github.com/liatrio/rode/pkg/eventmanager/event_manager_jetstream.go:86.17,88.4 1 1
github.com/liatrio/rode/pkg/eventmanager/event_manager_jetstream.go:97.105,100.2 2 0
github.com/liatrio/rode/pkg/eventmanager/event_manager_jetstream.go:102.89,108.2 2 0
github.com/liatrio/rode/pkg/eventmanager/event_manager_jetstream.go:110.95,116.16 3 0
github.com/liatrio/rode/pkg/eventmanager/event_manager_jetstream.go:119.2,121.16 3 0
github.com/liatrio/rode/pkg/eventmanager/event_manager_jetstream.go:124.2,127.41 3 0
github.com/liatrio/rode/pkg/eventmanager/event_manager_jetstream.go:116.16,118.3 1 0
github.com/liatrio/rode/pkg/eventmanager/event_manager_jetstream.go:121.16,123.3 1 0
github.com/liatrio/rode/pkg/eventmanager/event_manager_jetstream.go:130.60,134.16 3 0
github.com/liatrio/rode/pkg/eventmanager/event_manager_jetstream.go:138.2,139.12 2 0
github.com/liatrio/rode/pkg/eventmanager/event_manager_jetstream.go:171.2,172.12 2 0
github.com/liatrio/rode/pkg/eventmanager/event_manager_jetstream.go:134.16,136.3 1 0
github.com/liatrio/rode/pkg/eventmanager/event_manager_jetstream.go:139.12,141.3 1 0
github.com/liatrio/rode/pkg/eventmanager/event_manager_jetstream.go:141.8,145.17 3 0
github.com/liatrio/rode/pkg/eventmanager/event_manager_jetstream.go:149.3,152.17 3 0
github.com/liatrio/rode/pkg/eventmanager/event_manager_jetstream.go:158.3,163.17 2 0
github.com/liatrio/rode/pkg/eventmanager/event_manager_jetstream.go:168.3,169.44 2 0
github.com/liatrio/rode/pkg/eventmanager/event_manager_jetstream.go:145.17,148.4 2 0
github.com/liatrio/rode/pkg/eventmanager/event_manager_jetstream.go:152.17,154.4 1 0
github.com/liatrio/rode/pkg/eventmanager/event_manager_jetstream.go:154.9,156.4 1 0
github.com/liatrio/rode/pkg/eventmanager/event_manager_jetstream.go:163.17,166.4 2 0
github.com/liatrio/rode/pkg/eventmanager/event_manager_jetstream.go:175.66,179.9 3 0
github.com/liatrio/rode/pkg/eventmanager/event_manager_jetstream.go:184.2,187.33 3 0
github.com/liatrio/rode/pkg/eventmanager/event_manager_jetstream.go:190.2,190.12 1 0
github.com/liatrio/rode/pkg/eventmanager/event_manager_jetstream.go:179.9,182.3 2 0
github.com/liatrio/rode/pkg/eventmanager/event_manager_jetstream.go:187.33,189.3 1 0
github.com/liatrio/rode/pkg/eventmanager/event_manager_jetstream.go:203.146,214.2 2 0
github.com/liatrio/rode/pkg/eventmanager/event_manager_jetstream.go:216.50,218.2 1 0
github.com/liatrio/rode/pkg/eventmanager/event_manager_jetstream.go:220.42,224.32 3 0
github.com/liatrio/rode/pkg/eventmanager/event_manager_jetstream.go:229.2,230.6 2 0
github.com/liatrio/rode/pkg/eventmanager/event_manager_jetstream.go:224.32,227.3 2 0
github.com/liatrio/rode/pkg/eventmanager/event_manager_jetstream.go:230.6,231.10 1 0
github.com/liatrio/rode/pkg/eventmanager/event_manager_jetstream.go:232.30,235.10 3 0
github.com/liatrio/rode/pkg/eventmanager/event_manager_jetstream.go:236.11,238.18 2 0
github.com/liatrio/rode/pkg/eventmanager/event_manager_jetstream.go:241.4,243.42 2 0
github.com/liatrio/rode/pkg/eventmanager/event_manager_jetstream.go:238.18,240.5 1 0
github.com/liatrio/rode/pkg/eventmanager/event_manager_jetstream.go:248.43,252.32 3 0
github.com/liatrio/rode/pkg/eventmanager/event_manager_jetstream.go:257.2,259.19 3 0
github.com/liatrio/rode/pkg/eventmanager/event_manager_jetstream.go:252.32,255.3 2 0
github.com/liatrio/rode/pkg/eventmanager/event_manager_jetstream.go:262.73,265.16 3 0
github.com/liatrio/rode/pkg/eventmanager/event_manager_jetstream.go:273.2,277.16 4 0
github.com/liatrio/rode/pkg/eventmanager/event_manager_jetstream.go:282.2,284.16 3 0
github.com/liatrio/rode/pkg/eventmanager/event_manager_jetstream.go:289.2,290.16 2 0
github.com/liatrio/rode/pkg/eventmanager/event_manager_jetstream.go:265.16,266.40 1 0
github.com/liatrio/rode/pkg/eventmanager/event_manager_jetstream.go:271.3,271.9 1 0
github.com/liatrio/rode/pkg/eventmanager/event_manager_jetstream.go:266.40,268.4 1 0
github.com/liatrio/rode/pkg/eventmanager/event_manager_jetstream.go:268.9,270.4 1 0
github.com/liatrio/rode/pkg/eventmanager/event_manager_jetstream.go:277.16,280.3 2 0
github.com/liatrio/rode/pkg/eventmanager/event_manager_jetstream.go:284.16,287.3 2 0
github.com/liatrio/rode/pkg/eventmanager/event_manager_jetstream.go:290.16,292.3 1 0
github.com/liatrio/rode/pkg/eventmanager/event_manager_jetstream.go:307.79,320.2 7 0
github.com/liatrio/rode/pkg/eventmanager/event_manager_jetstream.go:322.68,327.2 4 0
github.com/liatrio/rode/pkg/eventmanager/event_manager_none.go:12.56,14.2 1 0
github.com/liatrio/rode/pkg/eventmanager/event_manager_none.go:16.57,19.2 2 0
github.com/liatrio/rode/pkg/eventmanager/event_manager_none.go:21.88,24.2 2 0
github.com/liatrio/rode/pkg/eventmanager/event_manager_none.go:26.73,29.2 2 0
github.com/liatrio/rode/pkg/eventmanager/event_manager_none.go:31.56,34.2 2 0
github.com/liatrio/rode/pkg/eventmanager/event_manager_none.go:36.58,38.2 1 0
